# JRE version: Java(TM) SE Runtime Environment (8.0_191-b12) (build 1.8.0_191-b12)
# Java VM: Java HotSpot(TM) 64-Bit Server VM (25.191-b12 mixed mode windows-amd64 compressed oops)
Heap:
 PSYoungGen      total 14336K, used 6921K [0x00000000f0300000, 0x00000000f1f00000, 0x0000000100000000)
  eden space 12288K, 39% used [0x00000000f0300000,0x00000000f07ca480,0x00000000f0f00000)
  from space 2048K, 98% used [0x00000000f1100000,0x00000000f12f8030,0x00000000f1300000)
  to   space 2048K, 0% used [0x00000000f0f00000,0x00000000f0f00000,0x00000000f1100000)
 ParOldGen       total 32768K, used 6705K [0x00000000d0800000, 0x00000000d2800000, 0x00000000f0300000)
  object space 32768K, 20% used [0x00000000d0800000,0x00000000d0e8c440,0x00000000d2800000)
 Metaspace       used 17292K, capacity 18072K, committed 18304K, reserved 1064960K
  class space    used 2171K, capacity 2368K, committed 2432K, reserved 1048576K
GC Heap History (8 events):
Event: 2.884 GC heap before
{Heap before GC invocations=1 (full 0):
 PSYoungGen      total 14336K, used 12288K [0x00000000f0300000, 0x00000000f1300000, 0x0000000100000000)
  eden space 12288K, 100% used [0x00000000f0300000,0x00000000f0f00000,0x00000000f0f00000)
  from space 2048K, 0% used [0x00000000f1100000,0x00000000f1100000,0x00000000f1300000)
  to   space 2048K, 0% used [0x00000000f0f00000,0x00000000f0f00000,0x00000000f1100000)
 ParOldGen       total 32768K, used 0K [0x00000000d0800000, 0x00000000d2800000, 0x00000000f0300000)
  object space 32768K, 0% used [0x00000000d0800000,0x00000000d0800000,0x00000000d2800000)
 Metaspace       used 8026K, capacity 8164K, committed 8448K, reserved 1056768K
  class space    used 930K, capacity 976K, committed 1024K, reserved 1048576K
Event: 2.895 GC heap after
Heap after GC invocations=1 (full 0):
 PSYoungGen      total 14336K, used 2029K [0x00000000f0300000, 0x00000000f1300000, 0x0000000100000000)
  eden space 12288K, 0% used [0x00000000f0300000,0x00000000f0300000,0x00000000f0f00000)
  from space 2048K, 99% used [0x00000000f0f00000,0x00000000f10fb4c8,0x00000000f1100000)
  to   space 2048K, 0% used [0x00000000f1100000,0x00000000f1100000,0x00000000f1300000)
 ParOldGen       total 32768K, used 993K [0x00000000d0800000, 0x00000000d2800000, 0x00000000f0300000)
  object space 32768K, 3% used [0x00000000d0800000,0x00000000d08f8560,0x00000000d2800000)
 Metaspace       used 8026K, capacity 8164K, committed 8448K, reserved 1056768K
  class space    used 930K, capacity 976K, committed 1024K, reserved 1048576K
}
Event: 3.768 GC heap before
{Heap before GC invocations=2 (full 0):
 PSYoungGen      total 14336K, used 14317K [0x00000000f0300000, 0x00000000f1300000, 0x0000000100000000)
  eden space 12288K, 100% used [0x00000000f0300000,0x00000000f0f00000,0x00000000f0f00000)
  from space 2048K, 99% used [0x00000000f0f00000,0x00000000f10fb4c8,0x00000000f1100000)
  to   space 2048K, 0% used [0x00000000f1100000,0x00000000f1100000,0x00000000f1300000)
 ParOldGen       total 32768K, used 993K [0x00000000d0800000, 0x00000000d2800000, 0x00000000f0300000)
  object space 32768K, 3% used [0x00000000d0800000,0x00000000d08f8560,0x00000000d2800000)
 Metaspace       used 11983K, capacity 12190K, committed 12544K, reserved 1060864K
  class space    used 1419K, capacity 1506K, committed 1536K, reserved 1048576K
Event: 3.781 GC heap after
Heap after GC invocations=2 (full 0):
 PSYoungGen      total 14336K, used 2032K [0x00000000f0300000, 0x00000000f1300000, 0x0000000100000000)
  eden space 12288K, 0% used [0x00000000f0300000,0x00000000f0300000,0x00000000f0f00000)
  from space 2048K, 99% used [0x00000000f1100000,0x00000000f12fc040,0x00000000f1300000)
  to   space 2048K, 0% used [0x00000000f0f00000,0x00000000f0f00000,0x00000000f1100000)
 ParOldGen       total 32768K, used 2760K [0x00000000d0800000, 0x00000000d2800000, 0x00000000f0300000)
  object space 32768K, 8% used [0x00000000d0800000,0x00000000d0ab2288,0x00000000d2800000)
 Metaspace       used 11983K, capacity 12190K, committed 12544K, reserved 1060864K
  class space    used 1419K, capacity 1506K, committed 1536K, reserved 1048576K
}
Event: 5.662 GC heap before
{Heap before GC invocations=3 (full 0):
 PSYoungGen      total 14336K, used 14320K [0x00000000f0300000, 0x00000000f1300000, 0x0000000100000000)
  eden space 12288K, 100% used [0x00000000f0300000,0x00000000f0f00000,0x00000000f0f00000)
  from space 2048K, 99% used [0x00000000f1100000,0x00000000f12fc040,0x00000000f1300000)
  to   space 2048K, 0% used [0x00000000f0f00000,0x00000000f0f00000,0x00000000f1100000)
 ParOldGen       total 32768K, used 2760K [0x00000000d0800000, 0x00000000d2800000, 0x00000000f0300000)
  object space 32768K, 8% used [0x00000000d0800000,0x00000000d0ab2288,0x00000000d2800000)
 Metaspace       used 13867K, capacity 14170K, committed 14464K, reserved 1062912K
  class space    used 1668K, capacity 1801K, committed 1920K, reserved 1048576K
Event: 5.674 GC heap after
Heap after GC invocations=3 (full 0):
 PSYoungGen      total 14336K, used 2032K [0x00000000f0300000, 0x00000000f1300000, 0x0000000100000000)
  eden space 12288K, 0% used [0x00000000f0300000,0x00000000f0300000,0x00000000f0f00000)
  from space 2048K, 99% used [0x00000000f0f00000,0x00000000f10fc020,0x00000000f1100000)
  to   space 2048K, 0% used [0x00000000f1100000,0x00000000f1100000,0x00000000f1300000)
 ParOldGen       total 32768K, used 4666K [0x00000000d0800000, 0x00000000d2800000, 0x00000000f0300000)
  object space 32768K, 14% used [0x00000000d0800000,0x00000000d0c8eae0,0x00000000d2800000)
 Metaspace       used 13867K, capacity 14170K, committed 14464K, reserved 1062912K
  class space    used 1668K, capacity 1801K, committed 1920K, reserved 1048576K
}
Event: 6.183 GC heap before
{Heap before GC invocations=4 (full 0):
 PSYoungGen      total 14336K, used 14320K [0x00000000f0300000, 0x00000000f1300000, 0x0000000100000000)
  eden space 12288K, 100% used [0x00000000f0300000,0x00000000f0f00000,0x00000000f0f00000)
  from space 2048K, 99% used [0x00000000f0f00000,0x00000000f10fc020,0x00000000f1100000)
  to   space 2048K, 0% used [0x00000000f1100000,0x00000000f1100000,0x00000000f1300000)
 ParOldGen       total 32768K, used 4666K [0x00000000d0800000, 0x00000000d2800000, 0x00000000f0300000)
  object space 32768K, 14% used [0x00000000d0800000,0x00000000d0c8eae0,0x00000000d2800000)
 Metaspace       used 16270K, capacity 16956K, committed 17152K, reserved 1064960K
  class space    used 2042K, capacity 2218K, committed 2304K, reserved 1048576K
Event: 6.199 GC heap after
Heap after GC invocations=4 (full 0):
 PSYoungGen      total 14336K, used 2016K [0x00000000f0300000, 0x00000000f1f00000, 0x0000000100000000)
  eden space 12288K, 0% used [0x00000000f0300000,0x00000000f0300000,0x00000000f0f00000)
  from space 2048K, 98% used [0x00000000f1100000,0x00000000f12f8030,0x00000000f1300000)
  to   space 2048K, 0% used [0x00000000f0f00000,0x00000000f0f00000,0x00000000f1100000)
 ParOldGen       total 32768K, used 6705K [0x00000000d0800000, 0x00000000d2800000, 0x00000000f0300000)
  object space 32768K, 20% used [0x00000000d0800000,0x00000000d0e8c440,0x00000000d2800000)
 Metaspace       used 16270K, capacity 16956K, committed 17152K, reserved 1064960K
  class space    used 2042K, capacity 2218K, committed 2304K, reserved 1048576K
}

