# JRE version: Java(TM) SE Runtime Environment (8.0_191-b12) (build 1.8.0_191-b12)
# Java VM: Java HotSpot(TM) 64-Bit Server VM (25.191-b12 mixed mode windows-amd64 compressed oops)
Heap:
 PSYoungGen      total 105472K, used 35500K [0x00000000f0300000, 0x00000000f7300000, 0x0000000100000000)
  eden space 97792K, 29% used [0x00000000f0300000,0x00000000f1f2e4c0,0x00000000f6280000)
  from space 7680K, 86% used [0x00000000f6a80000,0x00000000f70fcf18,0x00000000f7200000)
  to   space 8192K, 0% used [0x00000000f6280000,0x00000000f6280000,0x00000000f6a80000)
 ParOldGen       total 32768K, used 9425K [0x00000000d0800000, 0x00000000d2800000, 0x00000000f0300000)
  object space 32768K, 28% used [0x00000000d0800000,0x00000000d1134680,0x00000000d2800000)
 Metaspace       used 18568K, capacity 18978K, committed 19200K, reserved 1067008K
  class space    used 2155K, capacity 2280K, committed 2304K, reserved 1048576K
GC Heap History (10 events):
Event: 14.634 GC heap before
{Heap before GC invocations=4 (full 0):
 PSYoungGen      total 14336K, used 14328K [0x00000000f0300000, 0x00000000f1f00000, 0x0000000100000000)
  eden space 12288K, 100% used [0x00000000f0300000,0x00000000f0f00000,0x00000000f0f00000)
  from space 2048K, 99% used [0x00000000f0f00000,0x00000000f10fe0c8,0x00000000f1100000)
  to   space 2048K, 0% used [0x00000000f1d00000,0x00000000f1d00000,0x00000000f1f00000)
 ParOldGen       total 32768K, used 1879K [0x00000000d0800000, 0x00000000d2800000, 0x00000000f0300000)
  object space 32768K, 5% used [0x00000000d0800000,0x00000000d09d5c60,0x00000000d2800000)
 Metaspace       used 9765K, capacity 9900K, committed 10112K, reserved 1058816K
  class space    used 1225K, capacity 1281K, committed 1408K, reserved 1048576K
Event: 14.646 GC heap after
Heap after GC invocations=4 (full 0):
 PSYoungGen      total 26624K, used 2032K [0x00000000f0300000, 0x00000000f1f00000, 0x0000000100000000)
  eden space 24576K, 0% used [0x00000000f0300000,0x00000000f0300000,0x00000000f1b00000)
  from space 2048K, 99% used [0x00000000f1d00000,0x00000000f1efc010,0x00000000f1f00000)
  to   space 2048K, 0% used [0x00000000f1b00000,0x00000000f1b00000,0x00000000f1d00000)
 ParOldGen       total 32768K, used 3776K [0x00000000d0800000, 0x00000000d2800000, 0x00000000f0300000)
  object space 32768K, 11% used [0x00000000d0800000,0x00000000d0bb03f8,0x00000000d2800000)
 Metaspace       used 9765K, capacity 9900K, committed 10112K, reserved 1058816K
  class space    used 1225K, capacity 1281K, committed 1408K, reserved 1048576K
}
Event: 15.700 GC heap before
{Heap before GC invocations=5 (full 0):
 PSYoungGen      total 26624K, used 26608K [0x00000000f0300000, 0x00000000f1f00000, 0x0000000100000000)
  eden space 24576K, 100% used [0x00000000f0300000,0x00000000f1b00000,0x00000000f1b00000)
  from space 2048K, 99% used [0x00000000f1d00000,0x00000000f1efc010,0x00000000f1f00000)
  to   space 2048K, 0% used [0x00000000f1b00000,0x00000000f1b00000,0x00000000f1d00000)
 ParOldGen       total 32768K, used 3776K [0x00000000d0800000, 0x00000000d2800000, 0x00000000f0300000)
  object space 32768K, 11% used [0x00000000d0800000,0x00000000d0bb03f8,0x00000000d2800000)
 Metaspace       used 13161K, capacity 13342K, committed 13568K, reserved 1060864K
  class space    used 1673K, capacity 1775K, committed 1792K, reserved 1048576K
Event: 15.723 GC heap after
Heap after GC invocations=5 (full 0):
 PSYoungGen      total 26624K, used 2032K [0x00000000f0300000, 0x00000000f3f00000, 0x0000000100000000)
  eden space 24576K, 0% used [0x00000000f0300000,0x00000000f0300000,0x00000000f1b00000)
  from space 2048K, 99% used [0x00000000f1b00000,0x00000000f1cfc030,0x00000000f1d00000)
  to   space 6144K, 0% used [0x00000000f3900000,0x00000000f3900000,0x00000000f3f00000)
 ParOldGen       total 32768K, used 7878K [0x00000000d0800000, 0x00000000d2800000, 0x00000000f0300000)
  object space 32768K, 24% used [0x00000000d0800000,0x00000000d0fb1a60,0x00000000d2800000)
 Metaspace       used 13161K, capacity 13342K, committed 13568K, reserved 1060864K
  class space    used 1673K, capacity 1775K, committed 1792K, reserved 1048576K
}
Event: 18.634 GC heap before
{Heap before GC invocations=6 (full 0):
 PSYoungGen      total 26624K, used 26608K [0x00000000f0300000, 0x00000000f3f00000, 0x0000000100000000)
  eden space 24576K, 100% used [0x00000000f0300000,0x00000000f1b00000,0x00000000f1b00000)
  from space 2048K, 99% used [0x00000000f1b00000,0x00000000f1cfc030,0x00000000f1d00000)
  to   space 6144K, 0% used [0x00000000f3900000,0x00000000f3900000,0x00000000f3f00000)
 ParOldGen       total 32768K, used 7878K [0x00000000d0800000, 0x00000000d2800000, 0x00000000f0300000)
  object space 32768K, 24% used [0x00000000d0800000,0x00000000d0fb1a60,0x00000000d2800000)
 Metaspace       used 14764K, capacity 14966K, committed 15232K, reserved 1062912K
  class space    used 1818K, capacity 1907K, committed 1920K, reserved 1048576K
Event: 18.652 GC heap after
Heap after GC invocations=6 (full 0):
 PSYoungGen      total 55296K, used 4801K [0x00000000f0300000, 0x00000000f3f00000, 0x0000000100000000)
  eden space 49152K, 0% used [0x00000000f0300000,0x00000000f0300000,0x00000000f3300000)
  from space 6144K, 78% used [0x00000000f3900000,0x00000000f3db0600,0x00000000f3f00000)
  to   space 6144K, 0% used [0x00000000f3300000,0x00000000f3300000,0x00000000f3900000)
 ParOldGen       total 32768K, used 7878K [0x00000000d0800000, 0x00000000d2800000, 0x00000000f0300000)
  object space 32768K, 24% used [0x00000000d0800000,0x00000000d0fb1a60,0x00000000d2800000)
 Metaspace       used 14764K, capacity 14966K, committed 15232K, reserved 1062912K
  class space    used 1818K, capacity 1907K, committed 1920K, reserved 1048576K
}
Event: 26.733 GC heap before
{Heap before GC invocations=7 (full 0):
 PSYoungGen      total 55296K, used 53953K [0x00000000f0300000, 0x00000000f3f00000, 0x0000000100000000)
  eden space 49152K, 100% used [0x00000000f0300000,0x00000000f3300000,0x00000000f3300000)
  from space 6144K, 78% used [0x00000000f3900000,0x00000000f3db0600,0x00000000f3f00000)
  to   space 6144K, 0% used [0x00000000f3300000,0x00000000f3300000,0x00000000f3900000)
 ParOldGen       total 32768K, used 7878K [0x00000000d0800000, 0x00000000d2800000, 0x00000000f0300000)
  object space 32768K, 24% used [0x00000000d0800000,0x00000000d0fb1a60,0x00000000d2800000)
 Metaspace       used 16190K, capacity 16606K, committed 17024K, reserved 1064960K
  class space    used 1933K, capacity 2051K, committed 2176K, reserved 1048576K
Event: 26.763 GC heap after
Heap after GC invocations=7 (full 0):
 PSYoungGen      total 55296K, used 6141K [0x00000000f0300000, 0x00000000f7200000, 0x0000000100000000)
  eden space 49152K, 0% used [0x00000000f0300000,0x00000000f0300000,0x00000000f3300000)
  from space 6144K, 99% used [0x00000000f3300000,0x00000000f38ff480,0x00000000f3900000)
  to   space 7680K, 0% used [0x00000000f6a80000,0x00000000f6a80000,0x00000000f7200000)
 ParOldGen       total 32768K, used 9089K [0x00000000d0800000, 0x00000000d2800000, 0x00000000f0300000)
  object space 32768K, 27% used [0x00000000d0800000,0x00000000d10e0680,0x00000000d2800000)
 Metaspace       used 16190K, capacity 16606K, committed 17024K, reserved 1064960K
  class space    used 1933K, capacity 2051K, committed 2176K, reserved 1048576K
}
Event: 31.447 GC heap before
{Heap before GC invocations=8 (full 0):
 PSYoungGen      total 55296K, used 55293K [0x00000000f0300000, 0x00000000f7200000, 0x0000000100000000)
  eden space 49152K, 100% used [0x00000000f0300000,0x00000000f3300000,0x00000000f3300000)
  from space 6144K, 99% used [0x00000000f3300000,0x00000000f38ff480,0x00000000f3900000)
  to   space 7680K, 0% used [0x00000000f6a80000,0x00000000f6a80000,0x00000000f7200000)
 ParOldGen       total 32768K, used 9089K [0x00000000d0800000, 0x00000000d2800000, 0x00000000f0300000)
  object space 32768K, 27% used [0x00000000d0800000,0x00000000d10e0680,0x00000000d2800000)
 Metaspace       used 17718K, capacity 18178K, committed 18432K, reserved 1064960K
  class space    used 2070K, capacity 2184K, committed 2304K, reserved 1048576K
Event: 31.494 GC heap after
Heap after GC invocations=8 (full 0):
 PSYoungGen      total 105472K, used 6643K [0x00000000f0300000, 0x00000000f7300000, 0x0000000100000000)
  eden space 97792K, 0% used [0x00000000f0300000,0x00000000f0300000,0x00000000f6280000)
  from space 7680K, 86% used [0x00000000f6a80000,0x00000000f70fcf18,0x00000000f7200000)
  to   space 8192K, 0% used [0x00000000f6280000,0x00000000f6280000,0x00000000f6a80000)
 ParOldGen       total 32768K, used 9425K [0x00000000d0800000, 0x00000000d2800000, 0x00000000f0300000)
  object space 32768K, 28% used [0x00000000d0800000,0x00000000d1134680,0x00000000d2800000)
 Metaspace       used 17718K, capacity 18178K, committed 18432K, reserved 1064960K
  class space    used 2070K, capacity 2184K, committed 2304K, reserved 1048576K
}

