<?xml version="1.0" encoding="UTF-8"?>
<testng-results skipped="1" failed="0" ignored="0" total="1" passed="0">
  <reporter-output>
  </reporter-output>
  <suite name="Suite" duration-ms="115" started-at="2019-01-11T11:30:28Z" finished-at="2019-01-11T11:30:29Z">
    <groups>
    </groups>
    <test name="Test" duration-ms="115" started-at="2019-01-11T11:30:28Z" finished-at="2019-01-11T11:30:29Z">
      <class name="storePageObjects.TestRegister">
        <test-method status="PASS" signature="beforeClass()[pri:0, instance:storePageObjects.TestRegister@dfd3711]" name="beforeClass" is-config="true" duration-ms="47" started-at="2019-01-11T11:30:28Z" finished-at="2019-01-11T11:30:28Z">
          <reporter-output>
          </reporter-output>
        </test-method> <!-- beforeClass -->
        <test-method status="SKIP" signature="registration(java.lang.String)[pri:0, instance:storePageObjects.TestRegister@dfd3711]" name="registration" duration-ms="0" started-at="2019-01-11T11:30:29Z" data-provider="productdata" finished-at="2019-01-11T11:30:29Z">
          <exception class="java.lang.NoClassDefFoundError">
            <message>
              <![CDATA[jxl/Workbook]]>
            </message>
            <full-stacktrace>
              <![CDATA[java.lang.NoClassDefFoundError: jxl/Workbook
at java.lang.Class.getDeclaredMethods0(Native Method)
at java.lang.Class.privateGetDeclaredMethods(Unknown Source)
at java.lang.Class.getDeclaredMethods(Unknown Source)
at org.testng.internal.reflect.ReflectionHelper.excludingMain(ReflectionHelper.java:48)
at org.testng.internal.reflect.ReflectionHelper.getLocalMethods(ReflectionHelper.java:19)
at org.testng.internal.ClassHelper.getAvailableMethods(ClassHelper.java:184)
at org.testng.internal.Parameters.findDataProvider(Parameters.java:573)
at org.testng.internal.Parameters.findDataProvider(Parameters.java:509)
at org.testng.internal.Parameters.handleParameters(Parameters.java:691)
at org.testng.internal.ParameterHandler.handleParameters(ParameterHandler.java:49)
at org.testng.internal.ParameterHandler.createParameters(ParameterHandler.java:37)
at org.testng.internal.Invoker.invokeTestMethods(Invoker.java:924)
at org.testng.internal.TestMethodWorker.invokeTestMethods(TestMethodWorker.java:125)
at org.testng.internal.TestMethodWorker.run(TestMethodWorker.java:109)
at org.testng.TestRunner.privateRun(TestRunner.java:648)
at org.testng.TestRunner.run(TestRunner.java:505)
at org.testng.SuiteRunner.runTest(SuiteRunner.java:455)
at org.testng.SuiteRunner.runSequentially(SuiteRunner.java:450)
at org.testng.SuiteRunner.privateRun(SuiteRunner.java:415)
at org.testng.SuiteRunner.run(SuiteRunner.java:364)
at org.testng.SuiteRunnerWorker.runSuite(SuiteRunnerWorker.java:52)
at org.testng.SuiteRunnerWorker.run(SuiteRunnerWorker.java:84)
at org.testng.TestNG.runSuitesSequentially(TestNG.java:1208)
at org.testng.TestNG.runSuitesLocally(TestNG.java:1137)
at org.testng.TestNG.runSuites(TestNG.java:1049)
at org.testng.TestNG.run(TestNG.java:1017)
at org.apache.maven.surefire.testng.TestNGExecutor.run(TestNGExecutor.java:283)
at org.apache.maven.surefire.testng.TestNGXmlTestSuite.execute(TestNGXmlTestSuite.java:75)
at org.apache.maven.surefire.testng.TestNGProvider.invoke(TestNGProvider.java:120)
at org.apache.maven.surefire.booter.ForkedBooter.invokeProviderInSameClassLoader(ForkedBooter.java:384)
at org.apache.maven.surefire.booter.ForkedBooter.runSuitesInProcess(ForkedBooter.java:345)
at org.apache.maven.surefire.booter.ForkedBooter.execute(ForkedBooter.java:126)
at org.apache.maven.surefire.booter.ForkedBooter.main(ForkedBooter.java:418)
Caused by: java.lang.ClassNotFoundException: jxl.Workbook
at java.net.URLClassLoader.findClass(Unknown Source)
at java.lang.ClassLoader.loadClass(Unknown Source)
at sun.misc.Launcher$AppClassLoader.loadClass(Unknown Source)
at java.lang.ClassLoader.loadClass(Unknown Source)
... 33 more
]]>
            </full-stacktrace>
          </exception> <!-- java.lang.NoClassDefFoundError -->
          <reporter-output>
          </reporter-output>
        </test-method> <!-- registration -->
        <test-method status="PASS" signature="afterClass()[pri:0, instance:storePageObjects.TestRegister@dfd3711]" name="afterClass" is-config="true" duration-ms="1" started-at="2019-01-11T11:30:29Z" finished-at="2019-01-11T11:30:29Z">
          <reporter-output>
          </reporter-output>
        </test-method> <!-- afterClass -->
      </class> <!-- storePageObjects.TestRegister -->
    </test> <!-- Test -->
  </suite> <!-- Suite -->
</testng-results>
